pipeline scripts
set up directory structure
download raw data from accessions
Dog reference was downloaded.
parameter expansion to get forward and reverse output from forward and reverse input
fastp command that trims the first 20 bases and last 30 bases from FWD and REV
Skipping SRR35817850 because it was already processed.
parameter expansion to get forward and reverse output from forward and reverse input
fastp command that trims the first 20 bases and last 30 bases from FWD and REV
Skipping SRR35817851 because it was already processed.
parameter expansion to get forward and reverse output from forward and reverse input
fastp command that trims the first 20 bases and last 30 bases from FWD and REV
Skipping SRR35817852 because it was already processed.
parameter expansion to get forward and reverse output from forward and reverse input
fastp command that trims the first 20 bases and last 30 bases from FWD and REV
Skipping SRR35817853 because it was already processed.
parameter expansion to get forward and reverse output from forward and reverse input
fastp command that trims the first 20 bases and last 30 bases from FWD and REV
Skipping SRR35817854 because it was already processed.
parameter expansion to get forward and reverse output from forward and reverse input
fastp command that trims the first 20 bases and last 30 bases from FWD and REV
Skipping SRR35817855 because it was already processed.
parameter expansion to get forward and reverse output from forward and reverse input
fastp command that trims the first 20 bases and last 30 bases from FWD and REV
Skipping SRR35817856 because it was already processed.
parameter expansion to get forward and reverse output from forward and reverse input
fastp command that trims the first 20 bases and last 30 bases from FWD and REV
Skipping SRR35817857 because it was already processed.
parameter expansion to get forward and reverse output from forward and reverse input
fastp command that trims the first 20 bases and last 30 bases from FWD and REV
Skipping SRR35817858 because it was already processed.
parameter expansion to get forward and reverse output from forward and reverse input
fastp command that trims the first 20 bases and last 30 bases from FWD and REV
Skipping SRR35817859 because it was already processed.
parameter expansion to get forward and reverse output from forward and reverse input
fastp command that trims the first 20 bases and last 30 bases from FWD and REV
Skipping SRR35817860 because it was already processed.
initialize and activate conda environment
If you need to create the environment: conda create -y -n bbmap-env bbmap -c bioconda
Channels:
 - bioconda
 - conda-forge
Platform: linux-64
Collecting package metadata (repodata.json): ...working... done
Solving environment: ...working... done

## Package Plan ##

  environment location: /sciclone/home/abharathan01/.conda/envs/bbmap-env

  added / updated specs:
    - bbmap


The following NEW packages will be INSTALLED:

  _libgcc_mutex      conda-forge/linux-64::_libgcc_mutex-0.1-conda_forge 
  _openmp_mutex      conda-forge/linux-64::_openmp_mutex-4.5-2_gnu 
  alsa-lib           conda-forge/linux-64::alsa-lib-1.2.3.2-h166bdaf_0 
  bbmap              bioconda/linux-64::bbmap-39.01-h92535d8_1 
  bzip2              conda-forge/linux-64::bzip2-1.0.8-hda65f42_8 
  c-ares             bioconda/linux-64::c-ares-1.11.0-h470a237_1 
  ca-certificates    conda-forge/noarch::ca-certificates-2025.10.5-hbd8a1cb_0 
  cairo              conda-forge/linux-64::cairo-1.16.0-h6cf1ce9_1008 
  curl               conda-forge/linux-64::curl-7.71.1-he644dc0_8 
  expat              conda-forge/linux-64::expat-2.7.1-hecca717_0 
  fontconfig         conda-forge/linux-64::fontconfig-2.14.2-h14ed4e7_0 
  freetype           conda-forge/linux-64::freetype-2.12.1-h267a509_2 
  giflib             conda-forge/linux-64::giflib-5.2.2-hd590300_0 
  graphite2          conda-forge/linux-64::graphite2-1.3.14-hecca717_2 
  harfbuzz           conda-forge/linux-64::harfbuzz-2.9.1-h83ec7ef_1 
  htslib             bioconda/linux-64::htslib-1.9-ha228f0b_7 
  icu                conda-forge/linux-64::icu-68.2-h9c3ff4c_0 
  jpeg               conda-forge/linux-64::jpeg-9e-h0b41bf4_3 
  krb5               conda-forge/linux-64::krb5-1.17.2-h926e7f8_0 
  lcms2              conda-forge/linux-64::lcms2-2.12-hddcbb42_0 
  libcurl            conda-forge/linux-64::libcurl-7.71.1-hcdd3856_8 
  libdeflate         bioconda/linux-64::libdeflate-1.0-h14c3975_1 
  libedit            conda-forge/linux-64::libedit-3.1.20191231-h46ee950_2 
  libev              conda-forge/linux-64::libev-4.33-hd590300_2 
  libexpat           conda-forge/linux-64::libexpat-2.7.1-hecca717_0 
  libffi             conda-forge/linux-64::libffi-3.5.2-h9ec8514_0 
  libgcc             conda-forge/linux-64::libgcc-15.2.0-h767d61c_7 
  libgcc-ng          conda-forge/linux-64::libgcc-ng-15.2.0-h69a702a_7 
  libglib            conda-forge/linux-64::libglib-2.80.2-hf974151_0 
  libgomp            conda-forge/linux-64::libgomp-15.2.0-h767d61c_7 
  libiconv           conda-forge/linux-64::libiconv-1.18-h3b78370_2 
  libnghttp2         conda-forge/linux-64::libnghttp2-1.41.0-hab1572f_1 
  libpng             conda-forge/linux-64::libpng-1.6.43-h2797004_0 
  libssh2            conda-forge/linux-64::libssh2-1.10.0-haa6b8db_3 
  libstdcxx          conda-forge/linux-64::libstdcxx-15.2.0-h8f9b012_7 
  libstdcxx-ng       conda-forge/linux-64::libstdcxx-ng-15.2.0-h4852527_7 
  libtiff            conda-forge/linux-64::libtiff-4.2.0-hf544144_3 
  libuuid            conda-forge/linux-64::libuuid-2.41.2-he9a06e4_0 
  libwebp-base       conda-forge/linux-64::libwebp-base-1.6.0-hd42ef1d_0 
  libxcb             conda-forge/linux-64::libxcb-1.17.0-h8a09558_0 
  libzlib            conda-forge/linux-64::libzlib-1.2.13-h4ab18f5_6 
  ncurses            conda-forge/linux-64::ncurses-6.1-hf484d3e_1002 
  openjdk            conda-forge/linux-64::openjdk-11.0.9.1-h5cc2fde_1 
  openssl            conda-forge/linux-64::openssl-1.1.1w-hd590300_0 
  pbzip2             conda-forge/linux-64::pbzip2-1.1.13-h1fcc475_2 
  pcre2              conda-forge/linux-64::pcre2-10.43-hcad00b1_0 
  pixman             conda-forge/linux-64::pixman-0.46.4-h54a6638_1 
  pthread-stubs      conda-forge/linux-64::pthread-stubs-0.4-hb9d3cd8_1002 
  samtools           bioconda/linux-64::samtools-1.9-h10a08f8_12 
  tk                 conda-forge/linux-64::tk-8.6.13-noxft_h4845f30_101 
  xorg-libice        conda-forge/linux-64::xorg-libice-1.1.2-hb9d3cd8_0 
  xorg-libsm         conda-forge/linux-64::xorg-libsm-1.2.6-he73a12e_0 
  xorg-libx11        conda-forge/linux-64::xorg-libx11-1.8.12-h4f16b4b_0 
  xorg-libxau        conda-forge/linux-64::xorg-libxau-1.0.12-hb9d3cd8_0 
  xorg-libxdmcp      conda-forge/linux-64::xorg-libxdmcp-1.1.5-hb9d3cd8_0 
  xorg-libxext       conda-forge/linux-64::xorg-libxext-1.3.6-hb9d3cd8_0 
  xorg-libxfixes     conda-forge/linux-64::xorg-libxfixes-6.0.2-hb03c661_0 
  xorg-libxi         conda-forge/linux-64::xorg-libxi-1.8.2-hb9d3cd8_0 
  xorg-libxrender    conda-forge/linux-64::xorg-libxrender-0.9.12-hb9d3cd8_0 
  xorg-libxtst       conda-forge/linux-64::xorg-libxtst-1.2.5-hb9d3cd8_3 
  xz                 conda-forge/linux-64::xz-5.2.6-h166bdaf_0 
  zlib               conda-forge/linux-64::zlib-1.2.13-h4ab18f5_6 
  zstd               conda-forge/linux-64::zstd-1.5.6-ha6fb4c9_0 



Downloading and Extracting Packages: ...working... done
Preparing transaction: ...working... done
Verifying transaction: ...working... done
Executing transaction: ...working... done
#
# To activate this environment, use
#
#     $ conda activate bbmap-env
#
# To deactivate an active environment, use
#
#     $ conda deactivate

samtools 1.21
Using htslib 1.21
Copyright (C) 2024 Genome Research Ltd.

Samtools compilation details:
    Features:       build=configure curses=yes 
    CC:             gcc
    CPPFLAGS:       
    CFLAGS:         -Wall -g -O2
    LDFLAGS:        
    HTSDIR:         htslib-1.21
    LIBS:           
    CURSES_LIB:     -lncursesw

HTSlib compilation details:
    Features:       build=configure libcurl=yes S3=yes GCS=yes libdeflate=no lzma=yes bzip2=yes plugins=no htscodecs=1.6.1
    CC:             gcc
    CPPFLAGS:       
    CFLAGS:         -Wall -g -O2 -fvisibility=hidden
    LDFLAGS:        -fvisibility=hidden 

HTSlib URL scheme handlers present:
    built-in:	 file, preload, data
    S3 Multipart Upload:	 s3w+https, s3w+http, s3w
    Amazon S3:	 s3+https, s3, s3+http
    Google Cloud Storage:	 gs+http, gs+https, gs
    libcurl:	 gophers, smtp, ldaps, smb, rtsp, tftp, pop3, smbs, imaps, pop3s, ftps, https, http, ftp, gopher, imap, sftp, ldap, smtps, scp, dict, mqtt, telnet
    crypt4gh-needed:	 crypt4gh
    mem:	 mem
